Build started 05.05.2015 20:36:39.
     1>Project "D:\4Sem\Pro\Lab6\Lab6\Lab6.vcxproj" on node 2 (build target(s)).
     1>PrepareForBuild:
         Creating directory "D:\4Sem\Pro\Lab6\Debug\".
       InitializeBuildStatus:
         Creating "Debug\Lab6.unsuccessfulbuild" because "AlwaysCreate" was specified.
       ManifestResourceCompile:
         C:\Program Files (x86)\Microsoft SDKs\Windows\v7.0A\bin\rc.exe /nologo /fo"Debug\Lab6.exe.embed.manifest.res" Debug\Lab6_manifest.rc 
       Link:
         d:\Program files\Visual Studio\VC\bin\link.exe /ERRORREPORT:PROMPT /OUT:"D:\4Sem\Pro\Lab6\Debug\Lab6.exe" /INCREMENTAL /NOLOGO kernel32.lib user32.lib gdi32.lib winspool.lib comdlg32.lib advapi32.lib shell32.lib ole32.lib oleaut32.lib uuid.lib odbc32.lib odbccp32.lib /MANIFEST /ManifestFile:"Debug\Lab6.exe.intermediate.manifest" /MANIFESTUAC:"level='asInvoker' uiAccess='false'" /DEBUG /PDB:"D:\4Sem\Pro\Lab6\Debug\Lab6.pdb" /SUBSYSTEM:WINDOWS /TLBID:1 /ENTRY:"start" /DYNAMICBASE /NXCOMPAT /IMPLIB:"D:\4Sem\Pro\Lab6\Debug\Lab6.lib" /MACHINE:X86 Debug\Lab6.exe.embed.manifest.res
     1>LINK : error LNK2001: unresolved external symbol _start
     1>D:\4Sem\Pro\Lab6\Debug\Lab6.exe : fatal error LNK1120: 1 unresolved externals
     1>Done Building Project "D:\4Sem\Pro\Lab6\Lab6\Lab6.vcxproj" (build target(s)) -- FAILED.

Build FAILED.

Time Elapsed 00:00:02.18
