Build started 29.05.2014 13:06:39.
     1>Project "C:\Users\Vova\Desktop\Lab5\Lab5\Lab5.vcxproj" on node 2 (Build target(s)).
     1>Link:
         C:\Program Files (x86)\Microsoft Visual Studio 12.0\VC\bin\link.exe /ERRORREPORT:PROMPT /OUT:"C:\Users\Vova\Desktop\Lab5\Release\Lab5.exe" /INCREMENTAL:NO /NOLOGO kernel32.lib user32.lib gdi32.lib winspool.lib comdlg32.lib advapi32.lib shell32.lib ole32.lib oleaut32.lib uuid.lib odbc32.lib odbccp32.lib /MANIFEST /MANIFESTUAC:"level='asInvoker' uiAccess='false'" /manifest:embed /DEBUG /PDB:"C:\Users\Vova\Desktop\Lab5\Release\Lab5.pdb" /SUBSYSTEM:WINDOWS /OPT:REF /OPT:ICF /LTCG /TLBID:1 /DYNAMICBASE /NXCOMPAT /IMPLIB:"C:\Users\Vova\Desktop\Lab5\Release\Lab5.lib" /MACHINE:X86 /SAFESEH Release\Longop.obj
         Release\main.obj
         Release\module.obj
         LINK : /LTCG specified but no code generation required; remove /LTCG from the link command line to improve linker performance
     1>Longop.obj : error LNK2026: module unsafe for SAFESEH image.
     1>main.obj : error LNK2026: module unsafe for SAFESEH image.
     1>module.obj : error LNK2026: module unsafe for SAFESEH image.
     1>C:\Users\Vova\Desktop\Lab5\Release\Lab5.exe : fatal error LNK1281: Unable to generate SAFESEH image.
     1>Done Building Project "C:\Users\Vova\Desktop\Lab5\Lab5\Lab5.vcxproj" (Build target(s)) -- FAILED.

Build FAILED.

Time Elapsed 00:00:00.14
