Build started 06.03.2015 19:36:12.
     1>Project "D:\КПИ\II\СП\lab2\lab2\lab2.vcxproj" on node 2 (Build target(s)).
     1>_MASM:
         Assembling lab2.asm...
         cmd.exe /C "C:\Users\Настя\AppData\Local\Temp\tmp2f3668dada714c7fbb53399ea331d047.cmd"
         ml.exe /c /nologo /Zi /Fo"Release\lab2.obj" /W3 /errorReport:prompt  /Talab2.asm
       Link:
         C:\Program Files (x86)\Microsoft Visual Studio 12.0\VC\bin\link.exe /ERRORREPORT:PROMPT /OUT:"D:\КПИ\II\СП\lab2\Release\lab2.exe" /INCREMENTAL:NO /NOLOGO kernel32.lib user32.lib gdi32.lib winspool.lib comdlg32.lib advapi32.lib shell32.lib ole32.lib oleaut32.lib uuid.lib odbc32.lib odbccp32.lib /MANIFEST /MANIFESTUAC:"level='asInvoker' uiAccess='false'" /manifest:embed /DEBUG /PDB:"D:\КПИ\II\СП\lab2\Release\lab2.pdb" /SUBSYSTEM:WINDOWS /OPT:REF /OPT:ICF /LTCG /TLBID:1 /DYNAMICBASE /NXCOMPAT /IMPLIB:"D:\КПИ\II\СП\lab2\Release\lab2.lib" /MACHINE:X86 /SAFESEH Release\lab2.obj
         LINK : /LTCG specified but no code generation required; remove /LTCG from the link command line to improve linker performance
     1>lab2.obj : error LNK2026: module unsafe for SAFESEH image.
     1>D:\КПИ\II\СП\lab2\Release\lab2.exe : fatal error LNK1281: Unable to generate SAFESEH image.
     1>Done Building Project "D:\КПИ\II\СП\lab2\lab2\lab2.vcxproj" (Build target(s)) -- FAILED.

Build FAILED.

Time Elapsed 00:00:01.45
