Build started 08.03.2016 23:49:53.
     1>Project "C:\Users\alexe_000\Desktop\PPKSLab2\PPKSLab2\PPKSLab2.vcxproj" on node 2 (Build target(s)).
     1>Link:
         C:\Program Files (x86)\Microsoft Visual Studio 12.0\VC\bin\link.exe /ERRORREPORT:PROMPT /OUT:"C:\Users\alexe_000\Desktop\PPKSLab2\Release\PPKSLab2.exe" /INCREMENTAL:NO /NOLOGO kernel32.lib user32.lib gdi32.lib winspool.lib comdlg32.lib advapi32.lib shell32.lib ole32.lib oleaut32.lib uuid.lib odbc32.lib odbccp32.lib /MANIFEST /MANIFESTUAC:"level='asInvoker' uiAccess='false'" /manifest:embed /DEBUG /PDB:"C:\Users\alexe_000\Desktop\PPKSLab2\Release\PPKSLab2.pdb" /SUBSYSTEM:CONSOLE /OPT:REF /OPT:ICF /LTCG /TLBID:1 /DYNAMICBASE /NXCOMPAT /IMPLIB:"C:\Users\alexe_000\Desktop\PPKSLab2\Release\PPKSLab2.lib" /MACHINE:X86 /SAFESEH Release\PPKSLab2.obj
         Release\stdafx.obj
     1>LINK : fatal error LNK1104: cannot open file 'C:\Users\alexe_000\Desktop\PPKSLab2\Release\PPKSLab2.exe'
     1>Done Building Project "C:\Users\alexe_000\Desktop\PPKSLab2\PPKSLab2\PPKSLab2.vcxproj" (Build target(s)) -- FAILED.

Build FAILED.

Time Elapsed 00:00:00.39
